# JRE version: Java(TM) SE Runtime Environment (8.0_45-b14) (build 1.8.0_45-b14)
# Java VM: Java HotSpot(TM) 64-Bit Server VM (25.45-b02 mixed mode linux-amd64 compressed oops)
Heap:
 PSYoungGen      total 39424K, used 2536K [0x00000000eab00000, 0x00000000ed400000, 0x0000000100000000)
  eden space 36864K, 0% used [0x00000000eab00000,0x00000000eab00000,0x00000000ecf00000)
  from space 2560K, 99% used [0x00000000ecf00000,0x00000000ed17a2e8,0x00000000ed180000)
  to   space 2560K, 0% used [0x00000000ed180000,0x00000000ed180000,0x00000000ed400000)
 ParOldGen       total 48128K, used 11545K [0x00000000c0000000, 0x00000000c2f00000, 0x00000000eab00000)
  object space 48128K, 23% used [0x00000000c0000000,0x00000000c0b46580,0x00000000c2f00000)
 Metaspace       used 7009K, capacity 7640K, committed 7936K, reserved 1056768K
  class space    used 696K, capacity 720K, committed 768K, reserved 1048576K
GC Heap History (9 events):
Event: 4.264 GC heap before
{Heap before GC invocations=1 (full 0):
 PSYoungGen      total 20992K, used 18432K [0x00000000eab00000, 0x00000000ec200000, 0x0000000100000000)
  eden space 18432K, 100% used [0x00000000eab00000,0x00000000ebd00000,0x00000000ebd00000)
  from space 2560K, 0% used [0x00000000ebf80000,0x00000000ebf80000,0x00000000ec200000)
  to   space 2560K, 0% used [0x00000000ebd00000,0x00000000ebd00000,0x00000000ebf80000)
 ParOldGen       total 48128K, used 0K [0x00000000c0000000, 0x00000000c2f00000, 0x00000000eab00000)
  object space 48128K, 0% used [0x00000000c0000000,0x00000000c0000000,0x00000000c2f00000)
 Metaspace       used 5381K, capacity 6768K, committed 7040K, reserved 1056768K
  class space    used 545K, capacity 616K, committed 640K, reserved 1048576K
Event: 4.297 GC heap after
Heap after GC invocations=1 (full 0):
 PSYoungGen      total 20992K, used 2538K [0x00000000eab00000, 0x00000000ec200000, 0x0000000100000000)
  eden space 18432K, 0% used [0x00000000eab00000,0x00000000eab00000,0x00000000ebd00000)
  from space 2560K, 99% used [0x00000000ebd00000,0x00000000ebf7aae8,0x00000000ebf80000)
  to   space 2560K, 0% used [0x00000000ebf80000,0x00000000ebf80000,0x00000000ec200000)
 ParOldGen       total 48128K, used 3098K [0x00000000c0000000, 0x00000000c2f00000, 0x00000000eab00000)
  object space 48128K, 6% used [0x00000000c0000000,0x00000000c0306aa8,0x00000000c2f00000)
 Metaspace       used 5381K, capacity 6768K, committed 7040K, reserved 1056768K
  class space    used 545K, capacity 616K, committed 640K, reserved 1048576K
}
Event: 6.221 GC heap before
{Heap before GC invocations=2 (full 0):
 PSYoungGen      total 20992K, used 20970K [0x00000000eab00000, 0x00000000ec200000, 0x0000000100000000)
  eden space 18432K, 100% used [0x00000000eab00000,0x00000000ebd00000,0x00000000ebd00000)
  from space 2560K, 99% used [0x00000000ebd00000,0x00000000ebf7aae8,0x00000000ebf80000)
  to   space 2560K, 0% used [0x00000000ebf80000,0x00000000ebf80000,0x00000000ec200000)
 ParOldGen       total 48128K, used 3098K [0x00000000c0000000, 0x00000000c2f00000, 0x00000000eab00000)
  object space 48128K, 6% used [0x00000000c0000000,0x00000000c0306aa8,0x00000000c2f00000)
 Metaspace       used 6859K, capacity 7512K, committed 7680K, reserved 1056768K
  class space    used 695K, capacity 720K, committed 768K, reserved 1048576K
Event: 6.266 GC heap after
Heap after GC invocations=2 (full 0):
 PSYoungGen      total 20992K, used 2542K [0x00000000eab00000, 0x00000000ed400000, 0x0000000100000000)
  eden space 18432K, 0% used [0x00000000eab00000,0x00000000eab00000,0x00000000ebd00000)
  from space 2560K, 99% used [0x00000000ebf80000,0x00000000ec1fbb50,0x00000000ec200000)
  to   space 2560K, 0% used [0x00000000ebd00000,0x00000000ebd00000,0x00000000ebf80000)
 ParOldGen       total 48128K, used 7797K [0x00000000c0000000, 0x00000000c2f00000, 0x00000000eab00000)
  object space 48128K, 16% used [0x00000000c0000000,0x00000000c079d5e8,0x00000000c2f00000)
 Metaspace       used 6859K, capacity 7512K, committed 7680K, reserved 1056768K
  class space    used 695K, capacity 720K, committed 768K, reserved 1048576K
}
Event: 6.976 GC heap before
{Heap before GC invocations=3 (full 0):
 PSYoungGen      total 20992K, used 20974K [0x00000000eab00000, 0x00000000ed400000, 0x0000000100000000)
  eden space 18432K, 100% used [0x00000000eab00000,0x00000000ebd00000,0x00000000ebd00000)
  from space 2560K, 99% used [0x00000000ebf80000,0x00000000ec1fbb50,0x00000000ec200000)
  to   space 2560K, 0% used [0x00000000ebd00000,0x00000000ebd00000,0x00000000ebf80000)
 ParOldGen       total 48128K, used 7797K [0x00000000c0000000, 0x00000000c2f00000, 0x00000000eab00000)
  object space 48128K, 16% used [0x00000000c0000000,0x00000000c079d5e8,0x00000000c2f00000)
 Metaspace       used 6963K, capacity 7640K, committed 7936K, reserved 1056768K
  class space    used 696K, capacity 720K, committed 768K, reserved 1048576K
Event: 7.028 GC heap after
Heap after GC invocations=3 (full 0):
 PSYoungGen      total 20992K, used 2543K [0x00000000eab00000, 0x00000000ed400000, 0x0000000100000000)
  eden space 18432K, 0% used [0x00000000eab00000,0x00000000eab00000,0x00000000ebd00000)
  from space 2560K, 99% used [0x00000000ebd00000,0x00000000ebf7bc30,0x00000000ebf80000)
  to   space 2560K, 0% used [0x00000000ed180000,0x00000000ed180000,0x00000000ed400000)
 ParOldGen       total 48128K, used 8213K [0x00000000c0000000, 0x00000000c2f00000, 0x00000000eab00000)
  object space 48128K, 17% used [0x00000000c0000000,0x00000000c0805518,0x00000000c2f00000)
 Metaspace       used 6963K, capacity 7640K, committed 7936K, reserved 1056768K
  class space    used 696K, capacity 720K, committed 768K, reserved 1048576K
}
Event: 7.356 GC heap before
{Heap before GC invocations=4 (full 0):
 PSYoungGen      total 20992K, used 19613K [0x00000000eab00000, 0x00000000ed400000, 0x0000000100000000)
  eden space 18432K, 92% used [0x00000000eab00000,0x00000000ebbab868,0x00000000ebd00000)
  from space 2560K, 99% used [0x00000000ebd00000,0x00000000ebf7bc30,0x00000000ebf80000)
  to   space 2560K, 0% used [0x00000000ed180000,0x00000000ed180000,0x00000000ed400000)
 ParOldGen       total 48128K, used 8213K [0x00000000c0000000, 0x00000000c2f00000, 0x00000000eab00000)
  object space 48128K, 17% used [0x00000000c0000000,0x00000000c0805518,0x00000000c2f00000)
 Metaspace       used 6995K, capacity 7640K, committed 7936K, reserved 1056768K
  class space    used 696K, capacity 720K, committed 768K, reserved 1048576K
Event: 7.394 GC heap after
Heap after GC invocations=4 (full 0):
 PSYoungGen      total 39424K, used 2301K [0x00000000eab00000, 0x00000000ed400000, 0x0000000100000000)
  eden space 36864K, 0% used [0x00000000eab00000,0x00000000eab00000,0x00000000ecf00000)
  from space 2560K, 89% used [0x00000000ed180000,0x00000000ed3bf4a8,0x00000000ed400000)
  to   space 2560K, 0% used [0x00000000ecf00000,0x00000000ecf00000,0x00000000ed180000)
 ParOldGen       total 48128K, used 9311K [0x00000000c0000000, 0x00000000c2f00000, 0x00000000eab00000)
  object space 48128K, 19% used [0x00000000c0000000,0x00000000c0917d08,0x00000000c2f00000)
 Metaspace       used 6995K, capacity 7640K, committed 7936K, reserved 1056768K
  class space    used 696K, capacity 720K, committed 768K, reserved 1048576K
}
Event: 7.949 GC heap before
{Heap before GC invocations=5 (full 0):
 PSYoungGen      total 39424K, used 39165K [0x00000000eab00000, 0x00000000ed400000, 0x0000000100000000)
  eden space 36864K, 100% used [0x00000000eab00000,0x00000000ecf00000,0x00000000ecf00000)
  from space 2560K, 89% used [0x00000000ed180000,0x00000000ed3bf4a8,0x00000000ed400000)
  to   space 2560K, 0% used [0x00000000ecf00000,0x00000000ecf00000,0x00000000ed180000)
 ParOldGen       total 48128K, used 9311K [0x00000000c0000000, 0x00000000c2f00000, 0x00000000eab00000)
  object space 48128K, 19% used [0x00000000c0000000,0x00000000c0917d08,0x00000000c2f00000)
 Metaspace       used 7009K, capacity 7640K, committed 7936K, reserved 1056768K
  class space    used 696K, capacity 720K, committed 768K, reserved 1048576K

